Started GET "/" for 127.0.0.1 at 2016-09-25 00:15:05 -0400
  
ActiveRecord::PendingMigrationError (

Migrations are pending. To resolve this issue, run:

	bin/rails db:migrate RAILS_ENV=development

):
  
activerecord (5.0.0.1) lib/active_record/migration.rb:572:in `check_pending!'
activerecord (5.0.0.1) lib/active_record/migration.rb:548:in `call'
actionpack (5.0.0.1) lib/action_dispatch/middleware/callbacks.rb:38:in `block in call'
activesupport (5.0.0.1) lib/active_support/callbacks.rb:97:in `__run_callbacks__'
activesupport (5.0.0.1) lib/active_support/callbacks.rb:750:in `_run_call_callbacks'
activesupport (5.0.0.1) lib/active_support/callbacks.rb:90:in `run_callbacks'
actionpack (5.0.0.1) lib/action_dispatch/middleware/callbacks.rb:36:in `call'
actionpack (5.0.0.1) lib/action_dispatch/middleware/executor.rb:12:in `call'
actionpack (5.0.0.1) lib/action_dispatch/middleware/remote_ip.rb:79:in `call'
actionpack (5.0.0.1) lib/action_dispatch/middleware/debug_exceptions.rb:49:in `call'
web-console (3.3.1) lib/web_console/middleware.rb:131:in `call_app'
web-console (3.3.1) lib/web_console/middleware.rb:28:in `block in call'
web-console (3.3.1) lib/web_console/middleware.rb:18:in `catch'
web-console (3.3.1) lib/web_console/middleware.rb:18:in `call'
actionpack (5.0.0.1) lib/action_dispatch/middleware/show_exceptions.rb:31:in `call'
railties (5.0.0.1) lib/rails/rack/logger.rb:36:in `call_app'
railties (5.0.0.1) lib/rails/rack/logger.rb:24:in `block in call'
activesupport (5.0.0.1) lib/active_support/tagged_logging.rb:70:in `block in tagged'
activesupport (5.0.0.1) lib/active_support/tagged_logging.rb:26:in `tagged'
activesupport (5.0.0.1) lib/active_support/tagged_logging.rb:70:in `tagged'
railties (5.0.0.1) lib/rails/rack/logger.rb:24:in `call'
sprockets-rails (3.2.0) lib/sprockets/rails/quiet_assets.rb:13:in `call'
actionpack (5.0.0.1) lib/action_dispatch/middleware/request_id.rb:24:in `call'
rack (2.0.1) lib/rack/method_override.rb:22:in `call'
rack (2.0.1) lib/rack/runtime.rb:22:in `call'
activesupport (5.0.0.1) lib/active_support/cache/strategy/local_cache_middleware.rb:28:in `call'
actionpack (5.0.0.1) lib/action_dispatch/middleware/executor.rb:12:in `call'
actionpack (5.0.0.1) lib/action_dispatch/middleware/static.rb:136:in `call'
rack (2.0.1) lib/rack/sendfile.rb:111:in `call'
railties (5.0.0.1) lib/rails/engine.rb:522:in `call'
puma (3.6.0) lib/puma/configuration.rb:225:in `call'
puma (3.6.0) lib/puma/server.rb:578:in `handle_request'
puma (3.6.0) lib/puma/server.rb:415:in `process_client'
puma (3.6.0) lib/puma/server.rb:275:in `block in run'
puma (3.6.0) lib/puma/thread_pool.rb:116:in `call'
puma (3.6.0) lib/puma/thread_pool.rb:116:in `block in spawn_thread'
  Rendering /usr/local/rvm/gems/ruby-2.2.2/gems/actionpack-5.0.0.1/lib/action_dispatch/middleware/templates/rescues/diagnostics.html.erb within rescues/layout
  Rendering /usr/local/rvm/gems/ruby-2.2.2/gems/actionpack-5.0.0.1/lib/action_dispatch/middleware/templates/rescues/_source.html.erb
  Rendered /usr/local/rvm/gems/ruby-2.2.2/gems/actionpack-5.0.0.1/lib/action_dispatch/middleware/templates/rescues/_source.html.erb (3.4ms)
  Rendering /usr/local/rvm/gems/ruby-2.2.2/gems/actionpack-5.0.0.1/lib/action_dispatch/middleware/templates/rescues/_trace.html.erb
  Rendered /usr/local/rvm/gems/ruby-2.2.2/gems/actionpack-5.0.0.1/lib/action_dispatch/middleware/templates/rescues/_trace.html.erb (4.1ms)
  Rendering /usr/local/rvm/gems/ruby-2.2.2/gems/actionpack-5.0.0.1/lib/action_dispatch/middleware/templates/rescues/_request_and_response.html.erb
  Rendered /usr/local/rvm/gems/ruby-2.2.2/gems/actionpack-5.0.0.1/lib/action_dispatch/middleware/templates/rescues/_request_and_response.html.erb (1.6ms)
  Rendered /usr/local/rvm/gems/ruby-2.2.2/gems/actionpack-5.0.0.1/lib/action_dispatch/middleware/templates/rescues/diagnostics.html.erb within rescues/layout (51.7ms)
  [1m[35m (14.8ms)[0m  [1m[35mCREATE TABLE "schema_migrations" ("version" varchar NOT NULL PRIMARY KEY)[0m
  [1m[35m (4.7ms)[0m  [1m[35mCREATE TABLE "ar_internal_metadata" ("key" varchar NOT NULL PRIMARY KEY, "value" varchar, "created_at" datetime NOT NULL, "updated_at" datetime NOT NULL)[0m
  [1m[36mActiveRecord::SchemaMigration Load (0.3ms)[0m  [1m[34mSELECT "schema_migrations".* FROM "schema_migrations"[0m
Migrating to CreateAdmins (20160918045958)
  [1m[35m (0.1ms)[0m  [1m[36mbegin transaction[0m
  [1m[35m (0.6ms)[0m  [1m[35mCREATE TABLE "admins" ("id" INTEGER PRIMARY KEY AUTOINCREMENT NOT NULL, "email" varchar, "password" varchar, "created_at" datetime NOT NULL, "updated_at" datetime NOT NULL)[0m
  [1m[35mSQL (0.3ms)[0m  [1m[32mINSERT INTO "schema_migrations" ("version") VALUES (?)[0m  [["version", "20160918045958"]]
  [1m[35m (3.5ms)[0m  [1m[36mcommit transaction[0m
Migrating to CreateUsers (20160920224642)
  [1m[35m (0.1ms)[0m  [1m[36mbegin transaction[0m
  [1m[35m (0.5ms)[0m  [1m[35mCREATE TABLE "users" ("id" INTEGER PRIMARY KEY AUTOINCREMENT NOT NULL, "name" varchar, "email" varchar, "password" varchar, "created_at" datetime NOT NULL, "updated_at" datetime NOT NULL)[0m
  [1m[35mSQL (0.3ms)[0m  [1m[32mINSERT INTO "schema_migrations" ("version") VALUES (?)[0m  [["version", "20160920224642"]]
  [1m[35m (4.4ms)[0m  [1m[36mcommit transaction[0m
Migrating to CreateRooms (20160922010240)
  [1m[35m (0.1ms)[0m  [1m[36mbegin transaction[0m
  [1m[35m (0.6ms)[0m  [1m[35mCREATE TABLE "rooms" ("id" INTEGER PRIMARY KEY AUTOINCREMENT NOT NULL, "roomno" integer, "building" varchar, "size" integer, "created_at" datetime NOT NULL, "updated_at" datetime NOT NULL)[0m
  [1m[35mSQL (0.2ms)[0m  [1m[32mINSERT INTO "schema_migrations" ("version") VALUES (?)[0m  [["version", "20160922010240"]]
  [1m[35m (3.8ms)[0m  [1m[36mcommit transaction[0m
Migrating to CreateBookedrooms (20160922012255)
  [1m[35m (0.1ms)[0m  [1m[36mbegin transaction[0m
  [1m[35m (0.7ms)[0m  [1m[35mCREATE TABLE "bookedrooms" ("id" INTEGER PRIMARY KEY AUTOINCREMENT NOT NULL, "status" varchar, "user_id" integer, "room_id" integer, "booking_time" datetime, "created_at" datetime NOT NULL, "updated_at" datetime NOT NULL)[0m
  [1m[35m (0.1ms)[0m  [1m[34mselect sqlite_version(*)[0m
  [1m[35m (0.2ms)[0m  [1m[35mCREATE  INDEX "index_bookedrooms_on_user_id" ON "bookedrooms" ("user_id")[0m
  [1m[35m (0.2ms)[0m  [1m[34m            SELECT sql
            FROM sqlite_master
            WHERE name='index_bookedrooms_on_user_id' AND type='index'
            UNION ALL
            SELECT sql
            FROM sqlite_temp_master
            WHERE name='index_bookedrooms_on_user_id' AND type='index'
[0m
  [1m[35m (0.3ms)[0m  [1m[35mCREATE  INDEX "index_bookedrooms_on_room_id" ON "bookedrooms" ("room_id")[0m
  [1m[35mSQL (0.3ms)[0m  [1m[32mINSERT INTO "schema_migrations" ("version") VALUES (?)[0m  [["version", "20160922012255"]]
  [1m[35m (6.8ms)[0m  [1m[36mcommit transaction[0m
Migrating to DeviseCreateAdminUsers (20160923025000)
  [1m[35m (0.2ms)[0m  [1m[36mbegin transaction[0m
  [1m[35m (0.6ms)[0m  [1m[35mCREATE TABLE "admin_users" ("id" INTEGER PRIMARY KEY AUTOINCREMENT NOT NULL, "email" varchar DEFAULT '' NOT NULL, "encrypted_password" varchar DEFAULT '' NOT NULL, "reset_password_token" varchar, "reset_password_sent_at" datetime, "remember_created_at" datetime, "sign_in_count" integer DEFAULT 0 NOT NULL, "current_sign_in_at" datetime, "last_sign_in_at" datetime, "current_sign_in_ip" varchar, "last_sign_in_ip" varchar, "created_at" datetime NOT NULL, "updated_at" datetime NOT NULL)[0m
  [1m[35m (0.8ms)[0m  [1m[35mCREATE UNIQUE INDEX "index_admin_users_on_email" ON "admin_users" ("email")[0m
  [1m[35m (0.1ms)[0m  [1m[34m            SELECT sql
            FROM sqlite_master
            WHERE name='index_admin_users_on_email' AND type='index'
            UNION ALL
            SELECT sql
            FROM sqlite_temp_master
            WHERE name='index_admin_users_on_email' AND type='index'
[0m
  [1m[35m (0.2ms)[0m  [1m[35mCREATE UNIQUE INDEX "index_admin_users_on_reset_password_token" ON "admin_users" ("reset_password_token")[0m
  [1m[35mSQL (0.3ms)[0m  [1m[32mINSERT INTO "schema_migrations" ("version") VALUES (?)[0m  [["version", "20160923025000"]]
  [1m[35m (6.0ms)[0m  [1m[36mcommit transaction[0m
Migrating to CreateActiveAdminComments (20160923025029)
  [1m[35m (0.1ms)[0m  [1m[36mbegin transaction[0m
DEPRECATION WARNING: Directly inheriting from ActiveRecord::Migration is deprecated. Please specify the Rails release the migration was written for:

  class CreateActiveAdminComments < ActiveRecord::Migration[4.2] (called from require at bin/rails:4)
  [1m[35m (0.8ms)[0m  [1m[35mCREATE TABLE "active_admin_comments" ("id" INTEGER PRIMARY KEY AUTOINCREMENT NOT NULL, "namespace" varchar, "body" text, "resource_id" varchar NOT NULL, "resource_type" varchar NOT NULL, "author_type" varchar, "author_id" integer, "created_at" datetime, "updated_at" datetime)[0m
  [1m[35m (0.2ms)[0m  [1m[35mCREATE  INDEX "index_active_admin_comments_on_namespace" ON "active_admin_comments" ("namespace")[0m
  [1m[35m (0.2ms)[0m  [1m[34m            SELECT sql
            FROM sqlite_master
            WHERE name='index_active_admin_comments_on_namespace' AND type='index'
            UNION ALL
            SELECT sql
            FROM sqlite_temp_master
            WHERE name='index_active_admin_comments_on_namespace' AND type='index'
[0m
  [1m[35m (0.4ms)[0m  [1m[35mCREATE  INDEX "index_active_admin_comments_on_author_type_and_author_id" ON "active_admin_comments" ("author_type", "author_id")[0m
  [1m[35m (0.1ms)[0m  [1m[34m            SELECT sql
            FROM sqlite_master
            WHERE name='index_active_admin_comments_on_author_type_and_author_id' AND type='index'
            UNION ALL
            SELECT sql
            FROM sqlite_temp_master
            WHERE name='index_active_admin_comments_on_author_type_and_author_id' AND type='index'
[0m
  [1m[35m (0.1ms)[0m  [1m[34m            SELECT sql
            FROM sqlite_master
            WHERE name='index_active_admin_comments_on_namespace' AND type='index'
            UNION ALL
            SELECT sql
            FROM sqlite_temp_master
            WHERE name='index_active_admin_comments_on_namespace' AND type='index'
[0m
  [1m[35m (0.2ms)[0m  [1m[35mCREATE  INDEX "index_active_admin_comments_on_resource_type_and_resource_id" ON "active_admin_comments" ("resource_type", "resource_id")[0m
  [1m[35mSQL (0.1ms)[0m  [1m[32mINSERT INTO "schema_migrations" ("version") VALUES (?)[0m  [["version", "20160923025029"]]
  [1m[35m (5.5ms)[0m  [1m[36mcommit transaction[0m
Migrating to CreateBookinghistories (20160925014743)
  [1m[35m (0.2ms)[0m  [1m[36mbegin transaction[0m
  [1m[35m (0.8ms)[0m  [1m[35mCREATE TABLE "bookinghistories" ("id" INTEGER PRIMARY KEY AUTOINCREMENT NOT NULL, "user_id" integer, "user_name" varchar, "room_no" integer, "building" varchar, "size" integer, "booking_time" datetime, "release_time" datetime, "created_at" datetime NOT NULL, "updated_at" datetime NOT NULL)[0m
  [1m[35mSQL (0.3ms)[0m  [1m[32mINSERT INTO "schema_migrations" ("version") VALUES (?)[0m  [["version", "20160925014743"]]
  [1m[35m (6.0ms)[0m  [1m[36mcommit transaction[0m
  [1m[36mActiveRecord::InternalMetadata Load (0.5ms)[0m  [1m[34mSELECT  "ar_internal_metadata".* FROM "ar_internal_metadata" WHERE "ar_internal_metadata"."key" = ? LIMIT ?[0m  [["key", :environment], ["LIMIT", 1]]
  [1m[35m (0.1ms)[0m  [1m[36mbegin transaction[0m
  [1m[35mSQL (0.7ms)[0m  [1m[32mINSERT INTO "ar_internal_metadata" ("key", "value", "created_at", "updated_at") VALUES (?, ?, ?, ?)[0m  [["key", "environment"], ["value", "development"], ["created_at", 2016-09-25 00:15:22 -0400], ["updated_at", 2016-09-25 00:15:22 -0400]]
  [1m[35m (5.9ms)[0m  [1m[36mcommit transaction[0m
  [1m[36mActiveRecord::SchemaMigration Load (0.4ms)[0m  [1m[34mSELECT "schema_migrations".* FROM "schema_migrations"[0m
  [1m[35m (0.3ms)[0m  [1m[34m            SELECT sql
            FROM sqlite_master
            WHERE name='index_active_admin_comments_on_resource_type_and_resource_id' AND type='index'
            UNION ALL
            SELECT sql
            FROM sqlite_temp_master
            WHERE name='index_active_admin_comments_on_resource_type_and_resource_id' AND type='index'
[0m
  [1m[35m (0.2ms)[0m  [1m[34m            SELECT sql
            FROM sqlite_master
            WHERE name='index_active_admin_comments_on_author_type_and_author_id' AND type='index'
            UNION ALL
            SELECT sql
            FROM sqlite_temp_master
            WHERE name='index_active_admin_comments_on_author_type_and_author_id' AND type='index'
[0m
  [1m[35m (0.2ms)[0m  [1m[34m            SELECT sql
            FROM sqlite_master
            WHERE name='index_active_admin_comments_on_namespace' AND type='index'
            UNION ALL
            SELECT sql
            FROM sqlite_temp_master
            WHERE name='index_active_admin_comments_on_namespace' AND type='index'
[0m
  [1m[35m (0.2ms)[0m  [1m[34m            SELECT sql
            FROM sqlite_master
            WHERE name='index_admin_users_on_reset_password_token' AND type='index'
            UNION ALL
            SELECT sql
            FROM sqlite_temp_master
            WHERE name='index_admin_users_on_reset_password_token' AND type='index'
[0m
  [1m[35m (0.1ms)[0m  [1m[34m            SELECT sql
            FROM sqlite_master
            WHERE name='index_admin_users_on_email' AND type='index'
            UNION ALL
            SELECT sql
            FROM sqlite_temp_master
            WHERE name='index_admin_users_on_email' AND type='index'
[0m
  [1m[35m (0.2ms)[0m  [1m[34m            SELECT sql
            FROM sqlite_master
            WHERE name='index_bookedrooms_on_room_id' AND type='index'
            UNION ALL
            SELECT sql
            FROM sqlite_temp_master
            WHERE name='index_bookedrooms_on_room_id' AND type='index'
[0m
  [1m[35m (0.6ms)[0m  [1m[34m            SELECT sql
            FROM sqlite_master
            WHERE name='index_bookedrooms_on_user_id' AND type='index'
            UNION ALL
            SELECT sql
            FROM sqlite_temp_master
            WHERE name='index_bookedrooms_on_user_id' AND type='index'
[0m
  [1m[36mActiveRecord::SchemaMigration Load (0.4ms)[0m  [1m[34mSELECT "schema_migrations".* FROM "schema_migrations"[0m
  [1m[35m (0.1ms)[0m  [1m[36mbegin transaction[0m
  [1m[36mRoom Exists (0.3ms)[0m  [1m[34mSELECT  1 AS one FROM "rooms" WHERE "rooms"."roomno" = ? LIMIT ?[0m  [["roomno", 1234], ["LIMIT", 1]]
  [1m[35mSQL (1.8ms)[0m  [1m[32mINSERT INTO "rooms" ("roomno", "building", "size", "created_at", "updated_at") VALUES (?, ?, ?, ?, ?)[0m  [["roomno", 1234], ["building", "hunt"], ["size", 2], ["created_at", 2016-09-25 00:15:32 -0400], ["updated_at", 2016-09-25 00:15:32 -0400]]
  [1m[35m (11.1ms)[0m  [1m[36mcommit transaction[0m
  [1m[35m (0.1ms)[0m  [1m[36mbegin transaction[0m
  [1m[36mRoom Exists (0.2ms)[0m  [1m[34mSELECT  1 AS one FROM "rooms" WHERE "rooms"."roomno" = ? LIMIT ?[0m  [["roomno", 1231], ["LIMIT", 1]]
  [1m[35mSQL (0.4ms)[0m  [1m[32mINSERT INTO "rooms" ("roomno", "building", "size", "created_at", "updated_at") VALUES (?, ?, ?, ?, ?)[0m  [["roomno", 1231], ["building", "hunt"], ["size", 2], ["created_at", 2016-09-25 00:15:32 -0400], ["updated_at", 2016-09-25 00:15:32 -0400]]
  [1m[35m (3.5ms)[0m  [1m[36mcommit transaction[0m
  [1m[35m (0.4ms)[0m  [1m[36mbegin transaction[0m
  [1m[36mRoom Exists (0.3ms)[0m  [1m[34mSELECT  1 AS one FROM "rooms" WHERE "rooms"."roomno" = ? LIMIT ?[0m  [["roomno", 1230], ["LIMIT", 1]]
  [1m[35mSQL (0.4ms)[0m  [1m[32mINSERT INTO "rooms" ("roomno", "building", "size", "created_at", "updated_at") VALUES (?, ?, ?, ?, ?)[0m  [["roomno", 1230], ["building", "hunt"], ["size", 2], ["created_at", 2016-09-25 00:15:32 -0400], ["updated_at", 2016-09-25 00:15:32 -0400]]
  [1m[35m (3.4ms)[0m  [1m[36mcommit transaction[0m
  [1m[35m (0.1ms)[0m  [1m[36mbegin transaction[0m
  [1m[36mRoom Exists (0.2ms)[0m  [1m[34mSELECT  1 AS one FROM "rooms" WHERE "rooms"."roomno" = ? LIMIT ?[0m  [["roomno", 1235], ["LIMIT", 1]]
  [1m[35mSQL (0.3ms)[0m  [1m[32mINSERT INTO "rooms" ("roomno", "building", "size", "created_at", "updated_at") VALUES (?, ?, ?, ?, ?)[0m  [["roomno", 1235], ["building", "hunt"], ["size", 4], ["created_at", 2016-09-25 00:15:32 -0400], ["updated_at", 2016-09-25 00:15:32 -0400]]
  [1m[35m (3.5ms)[0m  [1m[36mcommit transaction[0m
  [1m[35m (0.1ms)[0m  [1m[36mbegin transaction[0m
  [1m[35mSQL (0.6ms)[0m  [1m[32mINSERT INTO "bookedrooms" ("user_id", "room_id", "booking_time", "created_at", "updated_at") VALUES (?, ?, ?, ?, ?)[0m  [["user_id", 2], ["room_id", 1234], ["booking_time", 2016-11-29 07:00:00 -0500], ["created_at", 2016-09-25 00:15:32 -0400], ["updated_at", 2016-09-25 00:15:32 -0400]]
  [1m[35m (4.2ms)[0m  [1m[36mcommit transaction[0m
Started GET "/" for 127.0.0.1 at 2016-09-25 00:15:40 -0400
  [1m[36mActiveRecord::SchemaMigration Load (0.2ms)[0m  [1m[34mSELECT "schema_migrations".* FROM "schema_migrations"[0m
Processing by MainController#index as HTML
  Rendering main/index.html.erb within layouts/application
  Rendered main/index.html.erb within layouts/application (3.5ms)
Completed 200 OK in 1106ms (Views: 1104.4ms | ActiveRecord: 0.0ms)


Started GET "/user_login" for 127.0.0.1 at 2016-09-25 00:15:44 -0400
Processing by UsersController#login as HTML
  Rendering users/login.html.erb within layouts/application
  Rendered users/_loginform.html.erb (14.0ms)
  Rendered users/login.html.erb within layouts/application (17.3ms)
Completed 200 OK in 208ms (Views: 188.4ms | ActiveRecord: 2.5ms)


Started POST "/validatelogin" for 127.0.0.1 at 2016-09-25 00:15:45 -0400
Processing by UsersController#validatelogin as HTML
  Parameters: {"utf8"=>"✓", "authenticity_token"=>"hxSixErLEOxACbKr/uENLxxlqX95O8XZMgaTEk33yZBewmpBJqwY5n6z0m5ElhuZHA0folRd2wGKtD9T4jPq1A==", "user"=>{"email"=>"anudeepvrm@gmail.com", "password"=>"[FILTERED]"}, "commit"=>"Login"}
  [1m[36mUser Load (0.6ms)[0m  [1m[34mSELECT  "users".* FROM "users" WHERE "users"."email" = ? LIMIT ?[0m  [["email", "anudeepvrm@gmail.com"], ["LIMIT", 1]]
Redirected to http://0.0.0.0:3000/user_login
Completed 302 Found in 14ms (ActiveRecord: 0.6ms)


Started GET "/user_login" for 127.0.0.1 at 2016-09-25 00:15:45 -0400
Processing by UsersController#login as HTML
  Rendering users/login.html.erb within layouts/application
  Rendered users/_loginform.html.erb (4.9ms)
  Rendered users/login.html.erb within layouts/application (8.2ms)
Completed 200 OK in 210ms (Views: 207.5ms | ActiveRecord: 0.0ms)


Started GET "/users/new" for 127.0.0.1 at 2016-09-25 00:15:48 -0400
Processing by UsersController#new as HTML
  Rendering users/new.html.erb within layouts/application
  Rendered users/_form.html.erb (11.1ms)
  Rendered users/new.html.erb within layouts/application (13.7ms)
Completed 200 OK in 295ms (Views: 293.4ms | ActiveRecord: 0.0ms)


Started POST "/users" for 127.0.0.1 at 2016-09-25 00:15:50 -0400
Processing by UsersController#create as HTML
  Parameters: {"utf8"=>"✓", "authenticity_token"=>"J9XP1H2SArtIaVJmo/SVKCJg1saj8TPUgv9lb2RLp/j+AwdREfUKsXbTMqMZg4OeIghgG46XLQw6Tckuy4+EvA==", "user"=>{"name"=>"a", "email"=>"anudeepvrm@gmail.com", "password"=>"[FILTERED]"}, "commit"=>"Create User"}
  [1m[35m (0.9ms)[0m  [1m[36mbegin transaction[0m
  [1m[36mUser Exists (0.3ms)[0m  [1m[34mSELECT  1 AS one FROM "users" WHERE "users"."email" = ? LIMIT ?[0m  [["email", "anudeepvrm@gmail.com"], ["LIMIT", 1]]
  [1m[35mSQL (3.7ms)[0m  [1m[32mINSERT INTO "users" ("name", "email", "password", "created_at", "updated_at") VALUES (?, ?, ?, ?, ?)[0m  [["name", "a"], ["email", "anudeepvrm@gmail.com"], ["password", "9741899346"], ["created_at", 2016-09-25 00:15:50 -0400], ["updated_at", 2016-09-25 00:15:50 -0400]]
  [1m[35m (4.7ms)[0m  [1m[36mcommit transaction[0m
Redirected to http://0.0.0.0:3000/users/1
Completed 302 Found in 34ms (ActiveRecord: 9.6ms)


Started GET "/users/1" for 127.0.0.1 at 2016-09-25 00:15:50 -0400
Processing by UsersController#show as HTML
  Parameters: {"id"=>"1"}
  [1m[36mUser Load (0.2ms)[0m  [1m[34mSELECT  "users".* FROM "users" WHERE "users"."id" = ? LIMIT ?[0m  [["id", 1], ["LIMIT", 1]]
  Rendering users/show.html.erb within layouts/application
  Rendered users/show.html.erb within layouts/application (1.2ms)
Completed 200 OK in 199ms (Views: 195.5ms | ActiveRecord: 0.2ms)


Started GET "/userhome" for 127.0.0.1 at 2016-09-25 00:15:52 -0400
Processing by UsersController#home as HTML
  [1m[36mUser Load (1.0ms)[0m  [1m[34mSELECT  "users".* FROM "users" WHERE "users"."id" = ? LIMIT ?[0m  [["id", 1], ["LIMIT", 1]]
  Rendering users/home.html.erb within layouts/application
  Rendered users/_logout.html.erb (0.8ms)
  Rendered users/home.html.erb within layouts/application (3.6ms)
Completed 200 OK in 213ms (Views: 209.1ms | ActiveRecord: 1.0ms)


Started GET "/searchrooms" for 127.0.0.1 at 2016-09-25 00:15:56 -0400
Processing by RoomsController#search_rooms as HTML
  Rendering rooms/search_rooms.html.erb within layouts/application
  Rendered rooms/_form.html.erb (18.0ms)
  Rendered rooms/search_rooms.html.erb within layouts/application (20.2ms)
Completed 200 OK in 203ms (Views: 191.1ms | ActiveRecord: 1.6ms)


Started POST "/search_result" for 127.0.0.1 at 2016-09-25 00:16:01 -0400
Processing by RoomsController#get_search_rooms as HTML
  Parameters: {"utf8"=>"✓", "authenticity_token"=>"hkssA1MoemD1VI2K8STNyWmkrBi23EhEZ2KtcG/tFqNfneSGP09yasvu7U9LU9t/acwaxZu6Vpzf0AExwCk15w==", "room"=>{"roomno"=>"", "building"=>"hunt", "size"=>"2", "status"=>"any", "date(1i)"=>"2016", "date(2i)"=>"9", "date(3i)"=>"25", "date(4i)"=>"01", "date(5i)"=>"00"}, "commit"=>"search room"}
  [1m[36mRoom Load (0.5ms)[0m  [1m[34mSELECT "rooms".* FROM "rooms" WHERE (building = 'hunt' AND size = '2')[0m
  [1m[36mBookedroom Load (0.3ms)[0m  [1m[34mSELECT "bookedrooms".* FROM "bookedrooms" WHERE (room_id=1234)[0m
  [1m[36mBookedroom Load (0.3ms)[0m  [1m[34mSELECT "bookedrooms".* FROM "bookedrooms" WHERE (room_id=1234) AND (booking_time > '2016-09-24 23:00:00' and booking_time < '2016-09-25 03:00:00' )[0m
  [1m[36mBookedroom Load (0.2ms)[0m  [1m[34mSELECT "bookedrooms".* FROM "bookedrooms" WHERE (room_id=1231)[0m
  [1m[36mBookedroom Load (0.2ms)[0m  [1m[34mSELECT "bookedrooms".* FROM "bookedrooms" WHERE (room_id=1230)[0m
  Rendering rooms/get_search_rooms.html.erb within layouts/application
  [1m[36mBookedroom Load (0.3ms)[0m  [1m[34mSELECT  "bookedrooms".* FROM "bookedrooms" WHERE "bookedrooms"."user_id" = ? LIMIT ?[0m  [["user_id", 1], ["LIMIT", 1]]
  [1m[36mCACHE (0.0ms)[0m  [1m[34mSELECT  "bookedrooms".* FROM "bookedrooms" WHERE "bookedrooms"."user_id" = ? LIMIT ?[0m  [["user_id", 1], ["LIMIT", 1]]
  [1m[36mCACHE (0.1ms)[0m  [1m[34mSELECT  "bookedrooms".* FROM "bookedrooms" WHERE "bookedrooms"."user_id" = ? LIMIT ?[0m  [["user_id", 1], ["LIMIT", 1]]
  Rendered rooms/get_search_rooms.html.erb within layouts/application (6.4ms)
Completed 200 OK in 204ms (Views: 174.9ms | ActiveRecord: 3.6ms)


Started GET "/bookroom/1234/2016-09-25%2001:00:00%20-0400" for 127.0.0.1 at 2016-09-25 00:16:04 -0400
Processing by RoomsController#book_room as HTML
  Parameters: {"id"=>"1234", "date"=>"2016-09-25 01:00:00 -0400"}
  [1m[35m (0.1ms)[0m  [1m[36mbegin transaction[0m
  [1m[35mSQL (1.1ms)[0m  [1m[32mINSERT INTO "bookedrooms" ("user_id", "room_id", "booking_time", "created_at", "updated_at") VALUES (?, ?, ?, ?, ?)[0m  [["user_id", 1], ["room_id", 1234], ["booking_time", 2016-09-25 01:00:00 -0400], ["created_at", 2016-09-25 00:16:04 -0400], ["updated_at", 2016-09-25 00:16:04 -0400]]
  [1m[35m (12.2ms)[0m  [1m[36mcommit transaction[0m
Redirected to http://0.0.0.0:3000/userhome
Completed 302 Found in 20ms (ActiveRecord: 13.4ms)


Started GET "/userhome" for 127.0.0.1 at 2016-09-25 00:16:04 -0400
Processing by UsersController#home as HTML
  [1m[36mUser Load (0.3ms)[0m  [1m[34mSELECT  "users".* FROM "users" WHERE "users"."id" = ? LIMIT ?[0m  [["id", 1], ["LIMIT", 1]]
  Rendering users/home.html.erb within layouts/application
  Rendered users/_logout.html.erb (0.9ms)
  Rendered users/home.html.erb within layouts/application (3.4ms)
Completed 200 OK in 184ms (Views: 179.5ms | ActiveRecord: 0.3ms)


Started GET "/activerooms" for 127.0.0.1 at 2016-09-25 00:16:05 -0400
Processing by BookedroomsController#get_active_rooms as HTML
  Rendering bookedrooms/get_active_rooms.html.erb within layouts/application
  [1m[36mBookedroom Load (0.3ms)[0m  [1m[34mSELECT "bookedrooms".* FROM "bookedrooms" WHERE (user_id=1)[0m
  [1m[36mRoom Load (0.4ms)[0m  [1m[34mSELECT  "rooms".* FROM "rooms" WHERE (roomno = 1234) LIMIT ?[0m  [["LIMIT", 1]]
  Rendered bookedrooms/get_active_rooms.html.erb within layouts/application (16.6ms)
Completed 500 Internal Server Error in 28ms (ActiveRecord: 0.7ms)


  
ActionView::Template::Error (undefined method `in_time_zone' for nil:NilClass):
    20:         <td><%= @temp_room.building %></td>
    21:         <td><%= @temp_room.size %></td>
    22:         <td>Booked</td>
    23:         <td><%= bookedroom.booking_time.in_time_zone('UTC').strftime("%d %B %Y %I:%M %p") %></td>
    24:         <td><%= link_to 'Cancel Booking', cancel_booking_path(:id => bookedroom.id) %></td>
    25:       </tr>
    26:   <% end %>
  
app/views/bookedrooms/get_active_rooms.html.erb:23:in `block in _app_views_bookedrooms_get_active_rooms_html_erb___3953318257241897506_69981797633380'
app/views/bookedrooms/get_active_rooms.html.erb:15:in `_app_views_bookedrooms_get_active_rooms_html_erb___3953318257241897506_69981797633380'
  Rendering /usr/local/rvm/gems/ruby-2.2.2/gems/actionpack-5.0.0.1/lib/action_dispatch/middleware/templates/rescues/template_error.html.erb within rescues/layout
  Rendering /usr/local/rvm/gems/ruby-2.2.2/gems/actionpack-5.0.0.1/lib/action_dispatch/middleware/templates/rescues/_source.html.erb
  Rendered /usr/local/rvm/gems/ruby-2.2.2/gems/actionpack-5.0.0.1/lib/action_dispatch/middleware/templates/rescues/_source.html.erb (11.5ms)
  Rendering /usr/local/rvm/gems/ruby-2.2.2/gems/actionpack-5.0.0.1/lib/action_dispatch/middleware/templates/rescues/_trace.html.erb
  Rendered /usr/local/rvm/gems/ruby-2.2.2/gems/actionpack-5.0.0.1/lib/action_dispatch/middleware/templates/rescues/_trace.html.erb (4.7ms)
  Rendering /usr/local/rvm/gems/ruby-2.2.2/gems/actionpack-5.0.0.1/lib/action_dispatch/middleware/templates/rescues/_request_and_response.html.erb
  Rendered /usr/local/rvm/gems/ruby-2.2.2/gems/actionpack-5.0.0.1/lib/action_dispatch/middleware/templates/rescues/_request_and_response.html.erb (1.6ms)
  Rendered /usr/local/rvm/gems/ruby-2.2.2/gems/actionpack-5.0.0.1/lib/action_dispatch/middleware/templates/rescues/template_error.html.erb within rescues/layout (48.2ms)
Started GET "/bookinghistory" for 127.0.0.1 at 2016-09-25 00:16:10 -0400
Processing by BookinghistoriesController#show as HTML
  Rendering bookinghistories/show.html.erb within layouts/application
  [1m[36mBookinghistory Load (0.2ms)[0m  [1m[34mSELECT "bookinghistories".* FROM "bookinghistories" WHERE (user_id = 1)[0m
  Rendered bookinghistories/show.html.erb within layouts/application (3.2ms)
Completed 200 OK in 157ms (Views: 150.1ms | ActiveRecord: 0.5ms)


Started GET "/searchrooms" for 127.0.0.1 at 2016-09-25 00:16:16 -0400
Processing by RoomsController#search_rooms as HTML
  Rendering rooms/search_rooms.html.erb within layouts/application
  Rendered rooms/_form.html.erb (9.0ms)
  Rendered rooms/search_rooms.html.erb within layouts/application (11.7ms)
Completed 200 OK in 214ms (Views: 211.4ms | ActiveRecord: 0.0ms)


Started POST "/search_result" for 127.0.0.1 at 2016-09-25 00:16:18 -0400
Processing by RoomsController#get_search_rooms as HTML
  Parameters: {"utf8"=>"✓", "authenticity_token"=>"LjX9wu23j6ogSDaU+KJySjYJcCWqYl/vgwhJL3ilRBT34zVHgdCHoB7yVlFC1WT8NmHG+IcEQTc7uuVu12FnUA==", "room"=>{"roomno"=>"", "building"=>"hunt", "size"=>"2", "status"=>"any", "date(1i)"=>"2016", "date(2i)"=>"9", "date(3i)"=>"25", "date(4i)"=>"01", "date(5i)"=>"00"}, "commit"=>"search room"}
  [1m[36mRoom Load (0.3ms)[0m  [1m[34mSELECT "rooms".* FROM "rooms" WHERE (building = 'hunt' AND size = '2')[0m
  [1m[36mBookedroom Load (0.3ms)[0m  [1m[34mSELECT "bookedrooms".* FROM "bookedrooms" WHERE (room_id=1234)[0m
  [1m[36mBookedroom Load (0.3ms)[0m  [1m[34mSELECT "bookedrooms".* FROM "bookedrooms" WHERE (room_id=1234) AND (booking_time > '2016-09-24 23:00:00' and booking_time < '2016-09-25 03:00:00' )[0m
  [1m[36mBookedroom Load (0.2ms)[0m  [1m[34mSELECT "bookedrooms".* FROM "bookedrooms" WHERE (room_id=1231)[0m
  [1m[36mBookedroom Load (0.2ms)[0m  [1m[34mSELECT "bookedrooms".* FROM "bookedrooms" WHERE (room_id=1230)[0m
  Rendering rooms/get_search_rooms.html.erb within layouts/application
  [1m[36mBookedroom Load (0.4ms)[0m  [1m[34mSELECT  "bookedrooms".* FROM "bookedrooms" WHERE "bookedrooms"."user_id" = ? LIMIT ?[0m  [["user_id", 1], ["LIMIT", 1]]
  [1m[36mCACHE (0.0ms)[0m  [1m[34mSELECT  "bookedrooms".* FROM "bookedrooms" WHERE "bookedrooms"."user_id" = ? LIMIT ?[0m  [["user_id", 1], ["LIMIT", 1]]
  Rendered rooms/get_search_rooms.html.erb within layouts/application (4.8ms)
Completed 200 OK in 195ms (Views: 182.3ms | ActiveRecord: 1.8ms)


